Calendar Event: Code checking meeting  {'dateTime': '2026-03-28T15:30:00-05:00', 'timeZone': 'America/Bogota'}
Calendar Event: Family call {'dateTime': '2026-03-28T17:00:00-05:00', 'timeZone': 'America/Bogota'}
Calendar Event: Daily Product Team {'dateTime': '2026-03-28T18:30:00-05:00', 'timeZone': 'America/Bogota'}
Calendar Event: Dinner with friends {'dateTime': '2026-03-28T19:45:00-05:00', 'timeZone': 'America/Bogota'}
{"messaging_product":"whatsapp","contacts":[{"input":"573043775520","wa_id":"573043775520"}],"messages":[{"id":"wamid.HBgMNTczMDQzNzc1NTIwFQIAERgSNTQyNzQ0Q0YxOTcxNDA3MzlGAA=="}]}
Morning briefing sent: Buenos días. Tienes 4 eventos hoy. El primero es a las 3:30 pm: Code checking meeting. Clima no disponible
Calendar Event: Code checking meeting  {'dateTime': '2026-03-28T15:30:00-05:00', 'timeZone': 'America/Bogota'}
Calendar Event: Family call {'dateTime': '2026-03-28T17:00:00-05:00', 'timeZone': 'America/Bogota'}
Calendar Event: Daily Product Team {'dateTime': '2026-03-28T18:30:00-05:00', 'timeZone': 'America/Bogota'}
Calendar Event: Dinner with friends {'dateTime': '2026-03-28T19:45:00-05:00', 'timeZone': 'America/Bogota'}
{"messaging_product":"whatsapp","contacts":[{"input":"573043775520","wa_id":"573043775520"}],"messages":[{"id":"wamid.HBgMNTczMDQzNzc1NTIwFQIAERgSODU2NjhFNTY3RDVDRDczOEJBAA=="}]}
Morning briefing sent: Buenos días. Tienes 4 eventos hoy. El primero es a las 3:30 pm: Code checking meeting. Clima no disponible
Calendar Event: Code checking meeting  {'dateTime': '2026-03-28T15:30:00-05:00', 'timeZone': 'America/Bogota'}
Calendar Event: Family call {'dateTime': '2026-03-28T17:00:00-05:00', 'timeZone': 'America/Bogota'}
Calendar Event: Daily Product Team {'dateTime': '2026-03-28T18:30:00-05:00', 'timeZone': 'America/Bogota'}
Calendar Event: Dinner with friends {'dateTime': '2026-03-28T19:45:00-05:00', 'timeZone': 'America/Bogota'}
{"messaging_product":"whatsapp","contacts":[{"input":"573043775520","wa_id":"573043775520"}],"messages":[{"id":"wamid.HBgMNTczMDQzNzc1NTIwFQIAERgSQkMzQjMyMzA0NkUwQzdGRUVGAA=="}]}
Morning briefing sent: Buenos días. Tienes 4 eventos hoy. El primero es a las 3:30 pm: Code checking meeting. Clima no disponible
Calendar Event: Code checking meeting  {'dateTime': '2026-03-28T15:30:00-05:00', 'timeZone': 'America/Bogota'}
Calendar Event: Family call {'dateTime': '2026-03-28T17:00:00-05:00', 'timeZone': 'America/Bogota'}
Calendar Event: Daily Product Team {'dateTime': '2026-03-28T18:30:00-05:00', 'timeZone': 'America/Bogota'}
Calendar Event: Dinner with friends {'dateTime': '2026-03-28T19:45:00-05:00', 'timeZone': 'America/Bogota'}
{"messaging_product":"whatsapp","contacts":[{"input":"573043775520","wa_id":"573043775520"}],"messages":[{"id":"wamid.HBgMNTczMDQzNzc1NTIwFQIAERgSMTcxRjhGMDNFQTE2QTU0RUNCAA=="}]}
Morning briefing sent: Buenos días. Tienes 4 eventos hoy. El primero es a las 3:30 pm: Code checking meeting. Clima no disponible
